

============================== 2024-05-17 10:52:15.050878 | eba1b474-1aa1-435c-8d78-c772bf70fc7c ==============================
[0m10:52:15.050890 [info ] [MainThread]: Running with dbt=1.2.6
[0m10:52:15.051273 [debug] [MainThread]: running dbt with arguments {'write_json': True, 'use_colors': True, 'printer_width': 80, 'version_check': True, 'partial_parse': True, 'static_parser': True, 'profiles_dir': '/home/spatika/.dbt', 'send_anonymous_usage_stats': True, 'event_buffer_size': 100000, 'quiet': False, 'no_print': False, 'cache_selected_only': False, 'config_dir': False, 'which': 'debug', 'indirect_selection': 'eager'}
[0m10:52:15.051408 [debug] [MainThread]: Tracking: tracking
[0m10:52:15.059312 [debug] [MainThread]: Sending event: {'category': 'dbt', 'action': 'invocation', 'label': 'start', 'context': [<snowplow_tracker.self_describing_json.SelfDescribingJson object at 0x7f79c088a2e0>, <snowplow_tracker.self_describing_json.SelfDescribingJson object at 0x7f79c088a4f0>, <snowplow_tracker.self_describing_json.SelfDescribingJson object at 0x7f79c088a520>]}
[0m10:52:15.135985 [debug] [MainThread]: Executing "git --help"
[0m10:52:15.140349 [debug] [MainThread]: STDOUT: "b"usage: git [--version] [--help] [-C <path>] [-c <name>=<value>]\n           [--exec-path[=<path>]] [--html-path] [--man-path] [--info-path]\n           [-p | --paginate | -P | --no-pager] [--no-replace-objects] [--bare]\n           [--git-dir=<path>] [--work-tree=<path>] [--namespace=<name>]\n           <command> [<args>]\n\nThese are common Git commands used in various situations:\n\nstart a working area (see also: git help tutorial)\n   clone             Clone a repository into a new directory\n   init              Create an empty Git repository or reinitialize an existing one\n\nwork on the current change (see also: git help everyday)\n   add               Add file contents to the index\n   mv                Move or rename a file, a directory, or a symlink\n   restore           Restore working tree files\n   rm                Remove files from the working tree and from the index\n   sparse-checkout   Initialize and modify the sparse-checkout\n\nexamine the history and state (see also: git help revisions)\n   bisect            Use binary search to find the commit that introduced a bug\n   diff              Show changes between commits, commit and working tree, etc\n   grep              Print lines matching a pattern\n   log               Show commit logs\n   show              Show various types of objects\n   status            Show the working tree status\n\ngrow, mark and tweak your common history\n   branch            List, create, or delete branches\n   commit            Record changes to the repository\n   merge             Join two or more development histories together\n   rebase            Reapply commits on top of another base tip\n   reset             Reset current HEAD to the specified state\n   switch            Switch branches\n   tag               Create, list, delete or verify a tag object signed with GPG\n\ncollaborate (see also: git help workflows)\n   fetch             Download objects and refs from another repository\n   pull              Fetch from and integrate with another repository or a local branch\n   push              Update remote refs along with associated objects\n\n'git help -a' and 'git help -g' list available subcommands and some\nconcept guides. See 'git help <command>' or 'git help <concept>'\nto read about a specific subcommand or concept.\nSee 'git help git' for an overview of the system.\n""
[0m10:52:15.140697 [debug] [MainThread]: STDERR: "b''"
[0m10:52:15.143356 [debug] [MainThread]: Acquiring new postgres connection "debug"
[0m10:52:15.143844 [debug] [MainThread]: Using postgres connection "debug"
[0m10:52:15.144006 [debug] [MainThread]: On debug: select 1 as id
[0m10:52:15.144156 [debug] [MainThread]: Opening a new connection, currently in state init
[0m10:52:15.152154 [debug] [MainThread]: SQL status: SELECT 1 in 0.01 seconds
[0m10:52:15.153379 [debug] [MainThread]: On debug: Close
[0m10:52:15.153783 [debug] [MainThread]: Sending event: {'category': 'dbt', 'action': 'invocation', 'label': 'end', 'context': [<snowplow_tracker.self_describing_json.SelfDescribingJson object at 0x7f79bf08ceb0>, <snowplow_tracker.self_describing_json.SelfDescribingJson object at 0x7f79bf08c580>, <snowplow_tracker.self_describing_json.SelfDescribingJson object at 0x7f79bf08c430>]}
[0m10:52:15.154128 [debug] [MainThread]: Flushing usage events
[0m10:52:16.405423 [debug] [MainThread]: Connection 'debug' was properly closed.


============================== 2024-05-17 10:52:21.118111 | 480f9874-4951-4d79-9130-f8107ced3654 ==============================
[0m10:52:21.118145 [info ] [MainThread]: Running with dbt=1.2.6
[0m10:52:21.118645 [debug] [MainThread]: running dbt with arguments {'write_json': True, 'use_colors': True, 'printer_width': 80, 'version_check': True, 'partial_parse': True, 'static_parser': True, 'profiles_dir': '/home/spatika/.dbt', 'send_anonymous_usage_stats': True, 'event_buffer_size': 100000, 'quiet': False, 'no_print': False, 'cache_selected_only': False, 'which': 'run', 'rpc_method': 'run', 'indirect_selection': 'eager'}
[0m10:52:21.118786 [debug] [MainThread]: Tracking: tracking
[0m10:52:21.126810 [debug] [MainThread]: Sending event: {'category': 'dbt', 'action': 'invocation', 'label': 'start', 'context': [<snowplow_tracker.self_describing_json.SelfDescribingJson object at 0x7f3a4c6256a0>, <snowplow_tracker.self_describing_json.SelfDescribingJson object at 0x7f3a4c625970>, <snowplow_tracker.self_describing_json.SelfDescribingJson object at 0x7f3a4c625820>]}
[0m10:52:21.137642 [info ] [MainThread]: Partial parse save file not found. Starting full parse.
[0m10:52:21.137954 [debug] [MainThread]: Sending event: {'category': 'dbt', 'action': 'partial_parser', 'label': '480f9874-4951-4d79-9130-f8107ced3654', 'context': [<snowplow_tracker.self_describing_json.SelfDescribingJson object at 0x7f3a4c634c10>]}
[0m10:52:21.154726 [debug] [MainThread]: Parsing macros/relations.sql
[0m10:52:21.156580 [debug] [MainThread]: Parsing macros/catalog.sql
[0m10:52:21.158599 [debug] [MainThread]: Parsing macros/adapters.sql
[0m10:52:21.180365 [debug] [MainThread]: Parsing macros/utils/any_value.sql
[0m10:52:21.180792 [debug] [MainThread]: Parsing macros/utils/datediff.sql
[0m10:52:21.186336 [debug] [MainThread]: Parsing macros/utils/last_day.sql
[0m10:52:21.187419 [debug] [MainThread]: Parsing macros/utils/dateadd.sql
[0m10:52:21.187950 [debug] [MainThread]: Parsing macros/utils/split_part.sql
[0m10:52:21.189120 [debug] [MainThread]: Parsing macros/utils/listagg.sql
[0m10:52:21.190368 [debug] [MainThread]: Parsing macros/materializations/snapshot_merge.sql
[0m10:52:21.191701 [debug] [MainThread]: Parsing macros/utils/hash.sql
[0m10:52:21.192952 [debug] [MainThread]: Parsing macros/utils/any_value.sql
[0m10:52:21.194003 [debug] [MainThread]: Parsing macros/utils/datediff.sql
[0m10:52:21.195340 [debug] [MainThread]: Parsing macros/utils/last_day.sql
[0m10:52:21.197045 [debug] [MainThread]: Parsing macros/utils/except.sql
[0m10:52:21.197742 [debug] [MainThread]: Parsing macros/utils/dateadd.sql
[0m10:52:21.198789 [debug] [MainThread]: Parsing macros/utils/intersect.sql
[0m10:52:21.199456 [debug] [MainThread]: Parsing macros/utils/split_part.sql
[0m10:52:21.201230 [debug] [MainThread]: Parsing macros/utils/listagg.sql
[0m10:52:21.203217 [debug] [MainThread]: Parsing macros/utils/position.sql
[0m10:52:21.204120 [debug] [MainThread]: Parsing macros/utils/literal.sql
[0m10:52:21.204900 [debug] [MainThread]: Parsing macros/utils/date_trunc.sql
[0m10:52:21.205843 [debug] [MainThread]: Parsing macros/utils/bool_or.sql
[0m10:52:21.206602 [debug] [MainThread]: Parsing macros/utils/concat.sql
[0m10:52:21.207387 [debug] [MainThread]: Parsing macros/utils/date.sql
[0m10:52:21.208633 [debug] [MainThread]: Parsing macros/utils/cast.sql
[0m10:52:21.209517 [debug] [MainThread]: Parsing macros/utils/data_types.sql
[0m10:52:21.214290 [debug] [MainThread]: Parsing macros/utils/replace.sql
[0m10:52:21.215313 [debug] [MainThread]: Parsing macros/utils/safe_cast.sql
[0m10:52:21.216264 [debug] [MainThread]: Parsing macros/utils/right.sql
[0m10:52:21.217200 [debug] [MainThread]: Parsing macros/utils/escape_single_quotes.sql
[0m10:52:21.218071 [debug] [MainThread]: Parsing macros/utils/length.sql
[0m10:52:21.218921 [debug] [MainThread]: Parsing macros/utils/cast_bool_to_text.sql
[0m10:52:21.219823 [debug] [MainThread]: Parsing macros/adapters/freshness.sql
[0m10:52:21.222327 [debug] [MainThread]: Parsing macros/adapters/relation.sql
[0m10:52:21.234161 [debug] [MainThread]: Parsing macros/adapters/indexes.sql
[0m10:52:21.236468 [debug] [MainThread]: Parsing macros/adapters/metadata.sql
[0m10:52:21.242334 [debug] [MainThread]: Parsing macros/adapters/apply_grants.sql
[0m10:52:21.253763 [debug] [MainThread]: Parsing macros/adapters/columns.sql
[0m10:52:21.261705 [debug] [MainThread]: Parsing macros/adapters/persist_docs.sql
[0m10:52:21.265476 [debug] [MainThread]: Parsing macros/adapters/schema.sql
[0m10:52:21.267242 [debug] [MainThread]: Parsing macros/materializations/hooks.sql
[0m10:52:21.270398 [debug] [MainThread]: Parsing macros/materializations/configs.sql
[0m10:52:21.272331 [debug] [MainThread]: Parsing macros/materializations/seeds/seed.sql
[0m10:52:21.278397 [debug] [MainThread]: Parsing macros/materializations/seeds/helpers.sql
[0m10:52:21.293147 [debug] [MainThread]: Parsing macros/materializations/snapshots/snapshot_merge.sql
[0m10:52:21.294541 [debug] [MainThread]: Parsing macros/materializations/snapshots/snapshot.sql
[0m10:52:21.304389 [debug] [MainThread]: Parsing macros/materializations/snapshots/helpers.sql
[0m10:52:21.315547 [debug] [MainThread]: Parsing macros/materializations/snapshots/strategies.sql
[0m10:52:21.329371 [debug] [MainThread]: Parsing macros/materializations/models/table/create_table_as.sql
[0m10:52:21.331763 [debug] [MainThread]: Parsing macros/materializations/models/table/table.sql
[0m10:52:21.336222 [debug] [MainThread]: Parsing macros/materializations/models/incremental/incremental.sql
[0m10:52:21.343931 [debug] [MainThread]: Parsing macros/materializations/models/incremental/merge.sql
[0m10:52:21.357128 [debug] [MainThread]: Parsing macros/materializations/models/incremental/is_incremental.sql
[0m10:52:21.358404 [debug] [MainThread]: Parsing macros/materializations/models/incremental/on_schema_change.sql
[0m10:52:21.370991 [debug] [MainThread]: Parsing macros/materializations/models/incremental/column_helpers.sql
[0m10:52:21.374650 [debug] [MainThread]: Parsing macros/materializations/models/view/create_or_replace_view.sql
[0m10:52:21.377443 [debug] [MainThread]: Parsing macros/materializations/models/view/view.sql
[0m10:52:21.381845 [debug] [MainThread]: Parsing macros/materializations/models/view/create_view_as.sql
[0m10:52:21.383715 [debug] [MainThread]: Parsing macros/materializations/models/view/helpers.sql
[0m10:52:21.384776 [debug] [MainThread]: Parsing macros/materializations/tests/test.sql
[0m10:52:21.388435 [debug] [MainThread]: Parsing macros/materializations/tests/helpers.sql
[0m10:52:21.389899 [debug] [MainThread]: Parsing macros/materializations/tests/unit.sql
[0m10:52:21.393188 [debug] [MainThread]: Parsing macros/materializations/tests/where_subquery.sql
[0m10:52:21.394694 [debug] [MainThread]: Parsing macros/generic_test_sql/relationships.sql
[0m10:52:21.395432 [debug] [MainThread]: Parsing macros/generic_test_sql/accepted_values.sql
[0m10:52:21.396554 [debug] [MainThread]: Parsing macros/generic_test_sql/unique.sql
[0m10:52:21.397114 [debug] [MainThread]: Parsing macros/generic_test_sql/not_null.sql
[0m10:52:21.397774 [debug] [MainThread]: Parsing macros/etc/datetime.sql
[0m10:52:21.404607 [debug] [MainThread]: Parsing macros/etc/statement.sql
[0m10:52:21.408205 [debug] [MainThread]: Parsing macros/unit_test_sql/get_fixture_sql.sql
[0m10:52:21.416624 [debug] [MainThread]: Parsing macros/get_custom_name/get_custom_alias.sql
[0m10:52:21.417893 [debug] [MainThread]: Parsing macros/get_custom_name/get_custom_schema.sql
[0m10:52:21.419895 [debug] [MainThread]: Parsing macros/get_custom_name/get_custom_database.sql
[0m10:52:21.421238 [debug] [MainThread]: Parsing macros/relations/schema.sql
[0m10:52:21.422255 [debug] [MainThread]: Parsing tests/generic/builtin.sql
[0m10:52:21.633599 [debug] [MainThread]: 1699: static parser successfully parsed example/my_first_dbt_model.sql
[0m10:52:21.644259 [debug] [MainThread]: 1699: static parser successfully parsed example/my_second_dbt_model.sql
[0m10:52:21.690916 [debug] [MainThread]: Sending event: {'category': 'dbt', 'action': 'load_project', 'label': '480f9874-4951-4d79-9130-f8107ced3654', 'context': [<snowplow_tracker.self_describing_json.SelfDescribingJson object at 0x7f3a4b491a90>]}
[0m10:52:21.695552 [debug] [MainThread]: Sending event: {'category': 'dbt', 'action': 'resource_counts', 'label': '480f9874-4951-4d79-9130-f8107ced3654', 'context': [<snowplow_tracker.self_describing_json.SelfDescribingJson object at 0x7f3a4c56f970>]}
[0m10:52:21.695807 [info ] [MainThread]: Found 2 models, 4 tests, 0 snapshots, 0 analyses, 266 macros, 0 operations, 0 seed files, 0 sources, 0 exposures, 0 metrics
[0m10:52:21.696022 [debug] [MainThread]: Sending event: {'category': 'dbt', 'action': 'runnable_timing', 'label': '480f9874-4951-4d79-9130-f8107ced3654', 'context': [<snowplow_tracker.self_describing_json.SelfDescribingJson object at 0x7f3a4c625760>]}
[0m10:52:21.697170 [info ] [MainThread]: 
[0m10:52:21.697548 [debug] [MainThread]: Acquiring new postgres connection "master"
[0m10:52:21.698422 [debug] [ThreadPool]: Acquiring new postgres connection "list_testdb"
[0m10:52:21.706751 [debug] [ThreadPool]: Using postgres connection "list_testdb"
[0m10:52:21.706953 [debug] [ThreadPool]: On list_testdb: /* {"app": "dbt", "dbt_version": "1.2.6", "profile_name": "test1", "target_name": "dev", "connection_name": "list_testdb"} */

    select distinct nspname from pg_namespace
  
[0m10:52:21.707066 [debug] [ThreadPool]: Opening a new connection, currently in state init
[0m10:52:21.715696 [debug] [ThreadPool]: SQL status: SELECT 4 in 0.01 seconds
[0m10:52:21.717136 [debug] [ThreadPool]: On list_testdb: Close
[0m10:52:21.718266 [debug] [ThreadPool]: Acquiring new postgres connection "list_testdb_public"
[0m10:52:21.724661 [debug] [ThreadPool]: Using postgres connection "list_testdb_public"
[0m10:52:21.724923 [debug] [ThreadPool]: On list_testdb_public: BEGIN
[0m10:52:21.725072 [debug] [ThreadPool]: Opening a new connection, currently in state closed
[0m10:52:21.732053 [debug] [ThreadPool]: SQL status: BEGIN in 0.01 seconds
[0m10:52:21.732364 [debug] [ThreadPool]: Using postgres connection "list_testdb_public"
[0m10:52:21.732613 [debug] [ThreadPool]: On list_testdb_public: /* {"app": "dbt", "dbt_version": "1.2.6", "profile_name": "test1", "target_name": "dev", "connection_name": "list_testdb_public"} */
select
      'testdb' as database,
      tablename as name,
      schemaname as schema,
      'table' as type
    from pg_tables
    where schemaname ilike 'public'
    union all
    select
      'testdb' as database,
      viewname as name,
      schemaname as schema,
      'view' as type
    from pg_views
    where schemaname ilike 'public'
  
[0m10:52:21.735874 [debug] [ThreadPool]: SQL status: SELECT 1 in 0.0 seconds
[0m10:52:21.737742 [debug] [ThreadPool]: On list_testdb_public: ROLLBACK
[0m10:52:21.738413 [debug] [ThreadPool]: On list_testdb_public: Close
[0m10:52:21.745865 [debug] [MainThread]: Using postgres connection "master"
[0m10:52:21.746228 [debug] [MainThread]: On master: BEGIN
[0m10:52:21.746447 [debug] [MainThread]: Opening a new connection, currently in state init
[0m10:52:21.758873 [debug] [MainThread]: SQL status: BEGIN in 0.01 seconds
[0m10:52:21.759366 [debug] [MainThread]: Using postgres connection "master"
[0m10:52:21.759661 [debug] [MainThread]: On master: /* {"app": "dbt", "dbt_version": "1.2.6", "profile_name": "test1", "target_name": "dev", "connection_name": "master"} */
with relation as (
        select
            pg_rewrite.ev_class as class,
            pg_rewrite.oid as id
        from pg_rewrite
    ),
    class as (
        select
            oid as id,
            relname as name,
            relnamespace as schema,
            relkind as kind
        from pg_class
    ),
    dependency as (
        select distinct
            pg_depend.objid as id,
            pg_depend.refobjid as ref
        from pg_depend
    ),
    schema as (
        select
            pg_namespace.oid as id,
            pg_namespace.nspname as name
        from pg_namespace
        where nspname != 'information_schema' and nspname not like 'pg\_%'
    ),
    referenced as (
        select
            relation.id AS id,
            referenced_class.name ,
            referenced_class.schema ,
            referenced_class.kind
        from relation
        join class as referenced_class on relation.class=referenced_class.id
        where referenced_class.kind in ('r', 'v')
    ),
    relationships as (
        select
            referenced.name as referenced_name,
            referenced.schema as referenced_schema_id,
            dependent_class.name as dependent_name,
            dependent_class.schema as dependent_schema_id,
            referenced.kind as kind
        from referenced
        join dependency on referenced.id=dependency.id
        join class as dependent_class on dependency.ref=dependent_class.id
        where
            (referenced.name != dependent_class.name or
             referenced.schema != dependent_class.schema)
    )

    select
        referenced_schema.name as referenced_schema,
        relationships.referenced_name as referenced_name,
        dependent_schema.name as dependent_schema,
        relationships.dependent_name as dependent_name
    from relationships
    join schema as dependent_schema on relationships.dependent_schema_id=dependent_schema.id
    join schema as referenced_schema on relationships.referenced_schema_id=referenced_schema.id
    group by referenced_schema, referenced_name, dependent_schema, dependent_name
    order by referenced_schema, referenced_name, dependent_schema, dependent_name;
[0m10:52:21.764686 [debug] [MainThread]: SQL status: SELECT 0 in 0.0 seconds
[0m10:52:21.766703 [debug] [MainThread]: Sending event: {'category': 'dbt', 'action': 'runnable_timing', 'label': '480f9874-4951-4d79-9130-f8107ced3654', 'context': [<snowplow_tracker.self_describing_json.SelfDescribingJson object at 0x7f3a4b43ddc0>]}
[0m10:52:21.767215 [debug] [MainThread]: On master: ROLLBACK
[0m10:52:21.767708 [debug] [MainThread]: Using postgres connection "master"
[0m10:52:21.767970 [debug] [MainThread]: On master: BEGIN
[0m10:52:21.768407 [debug] [MainThread]: SQL status: BEGIN in 0.0 seconds
[0m10:52:21.768669 [debug] [MainThread]: On master: COMMIT
[0m10:52:21.768905 [debug] [MainThread]: Using postgres connection "master"
[0m10:52:21.769117 [debug] [MainThread]: On master: COMMIT
[0m10:52:21.769480 [debug] [MainThread]: SQL status: COMMIT in 0.0 seconds
[0m10:52:21.769730 [debug] [MainThread]: On master: Close
[0m10:52:21.770297 [info ] [MainThread]: Concurrency: 1 threads (target='dev')
[0m10:52:21.770760 [info ] [MainThread]: 
[0m10:52:21.779905 [debug] [Thread-1  ]: Began running node model.test1.my_first_dbt_model
[0m10:52:21.780200 [info ] [Thread-1  ]: 1 of 2 START table model public.my_first_dbt_model ............................. [RUN]
[0m10:52:21.780648 [debug] [Thread-1  ]: Acquiring new postgres connection "model.test1.my_first_dbt_model"
[0m10:52:21.780801 [debug] [Thread-1  ]: Began compiling node model.test1.my_first_dbt_model
[0m10:52:21.780956 [debug] [Thread-1  ]: Compiling model.test1.my_first_dbt_model
[0m10:52:21.783614 [debug] [Thread-1  ]: Writing injected SQL for node "model.test1.my_first_dbt_model"
[0m10:52:21.784151 [debug] [Thread-1  ]: finished collecting timing info
[0m10:52:21.784335 [debug] [Thread-1  ]: Began executing node model.test1.my_first_dbt_model
[0m10:52:21.826614 [debug] [Thread-1  ]: Writing runtime SQL for node "model.test1.my_first_dbt_model"
[0m10:52:21.827072 [debug] [Thread-1  ]: Using postgres connection "model.test1.my_first_dbt_model"
[0m10:52:21.827213 [debug] [Thread-1  ]: On model.test1.my_first_dbt_model: BEGIN
[0m10:52:21.827313 [debug] [Thread-1  ]: Opening a new connection, currently in state closed
[0m10:52:21.832792 [debug] [Thread-1  ]: SQL status: BEGIN in 0.01 seconds
[0m10:52:21.833009 [debug] [Thread-1  ]: Using postgres connection "model.test1.my_first_dbt_model"
[0m10:52:21.833125 [debug] [Thread-1  ]: On model.test1.my_first_dbt_model: /* {"app": "dbt", "dbt_version": "1.2.6", "profile_name": "test1", "target_name": "dev", "node_id": "model.test1.my_first_dbt_model"} */


  create  table "testdb"."public"."my_first_dbt_model__dbt_tmp"
  as (
    /*
    Welcome to your first dbt model!
    Did you know that you can also configure models directly within SQL files?
    This will override configurations stated in dbt_project.yml

    Try changing "table" to "view" below
*/



with source_data as (

    select 1 as id
    union all
    select null as id

)

select *
from source_data

/*
    Uncomment the line below to remove records with null `id` values
*/

-- where id is not null
  );
[0m10:52:21.834296 [debug] [Thread-1  ]: SQL status: SELECT 2 in 0.0 seconds
[0m10:52:21.839613 [debug] [Thread-1  ]: Using postgres connection "model.test1.my_first_dbt_model"
[0m10:52:21.839751 [debug] [Thread-1  ]: On model.test1.my_first_dbt_model: /* {"app": "dbt", "dbt_version": "1.2.6", "profile_name": "test1", "target_name": "dev", "node_id": "model.test1.my_first_dbt_model"} */
alter table "testdb"."public"."my_first_dbt_model__dbt_tmp" rename to "my_first_dbt_model"
[0m10:52:21.840187 [debug] [Thread-1  ]: SQL status: ALTER TABLE in 0.0 seconds
[0m10:52:21.856871 [debug] [Thread-1  ]: On model.test1.my_first_dbt_model: COMMIT
[0m10:52:21.857012 [debug] [Thread-1  ]: Using postgres connection "model.test1.my_first_dbt_model"
[0m10:52:21.857112 [debug] [Thread-1  ]: On model.test1.my_first_dbt_model: COMMIT
[0m10:52:21.857942 [debug] [Thread-1  ]: SQL status: COMMIT in 0.0 seconds
[0m10:52:21.861850 [debug] [Thread-1  ]: Using postgres connection "model.test1.my_first_dbt_model"
[0m10:52:21.861987 [debug] [Thread-1  ]: On model.test1.my_first_dbt_model: /* {"app": "dbt", "dbt_version": "1.2.6", "profile_name": "test1", "target_name": "dev", "node_id": "model.test1.my_first_dbt_model"} */
drop table if exists "testdb"."public"."my_first_dbt_model__dbt_backup" cascade
[0m10:52:21.862338 [debug] [Thread-1  ]: SQL status: DROP TABLE in 0.0 seconds
[0m10:52:21.863210 [debug] [Thread-1  ]: finished collecting timing info
[0m10:52:21.863360 [debug] [Thread-1  ]: On model.test1.my_first_dbt_model: Close
[0m10:52:21.863708 [debug] [Thread-1  ]: Sending event: {'category': 'dbt', 'action': 'run_model', 'label': '480f9874-4951-4d79-9130-f8107ced3654', 'context': [<snowplow_tracker.self_describing_json.SelfDescribingJson object at 0x7f3a493bf100>]}
[0m10:52:21.864010 [info ] [Thread-1  ]: 1 of 2 OK created table model public.my_first_dbt_model ........................ [[32mSELECT 2[0m in 0.08s]
[0m10:52:21.864390 [debug] [Thread-1  ]: Finished running node model.test1.my_first_dbt_model
[0m10:52:21.865088 [debug] [Thread-1  ]: Began running node model.test1.my_second_dbt_model
[0m10:52:21.865340 [info ] [Thread-1  ]: 2 of 2 START view model public.my_second_dbt_model ............................. [RUN]
[0m10:52:21.865750 [debug] [Thread-1  ]: Acquiring new postgres connection "model.test1.my_second_dbt_model"
[0m10:52:21.865887 [debug] [Thread-1  ]: Began compiling node model.test1.my_second_dbt_model
[0m10:52:21.865999 [debug] [Thread-1  ]: Compiling model.test1.my_second_dbt_model
[0m10:52:21.868211 [debug] [Thread-1  ]: Writing injected SQL for node "model.test1.my_second_dbt_model"
[0m10:52:21.868457 [debug] [Thread-1  ]: finished collecting timing info
[0m10:52:21.868581 [debug] [Thread-1  ]: Began executing node model.test1.my_second_dbt_model
[0m10:52:21.885494 [debug] [Thread-1  ]: Writing runtime SQL for node "model.test1.my_second_dbt_model"
[0m10:52:21.885855 [debug] [Thread-1  ]: Using postgres connection "model.test1.my_second_dbt_model"
[0m10:52:21.885991 [debug] [Thread-1  ]: On model.test1.my_second_dbt_model: BEGIN
[0m10:52:21.886094 [debug] [Thread-1  ]: Opening a new connection, currently in state closed
[0m10:52:21.893939 [debug] [Thread-1  ]: SQL status: BEGIN in 0.01 seconds
[0m10:52:21.894296 [debug] [Thread-1  ]: Using postgres connection "model.test1.my_second_dbt_model"
[0m10:52:21.894425 [debug] [Thread-1  ]: On model.test1.my_second_dbt_model: /* {"app": "dbt", "dbt_version": "1.2.6", "profile_name": "test1", "target_name": "dev", "node_id": "model.test1.my_second_dbt_model"} */

  create view "testdb"."public"."my_second_dbt_model__dbt_tmp" as (
    -- Use the `ref` function to select from other models

select *
from "testdb"."public"."my_first_dbt_model"
where id = 1
  );
[0m10:52:21.895810 [debug] [Thread-1  ]: SQL status: CREATE VIEW in 0.0 seconds
[0m10:52:21.898550 [debug] [Thread-1  ]: Using postgres connection "model.test1.my_second_dbt_model"
[0m10:52:21.898696 [debug] [Thread-1  ]: On model.test1.my_second_dbt_model: /* {"app": "dbt", "dbt_version": "1.2.6", "profile_name": "test1", "target_name": "dev", "node_id": "model.test1.my_second_dbt_model"} */
alter table "testdb"."public"."my_second_dbt_model__dbt_tmp" rename to "my_second_dbt_model"
[0m10:52:21.899564 [debug] [Thread-1  ]: SQL status: ALTER TABLE in 0.0 seconds
[0m10:52:21.900901 [debug] [Thread-1  ]: On model.test1.my_second_dbt_model: COMMIT
[0m10:52:21.901028 [debug] [Thread-1  ]: Using postgres connection "model.test1.my_second_dbt_model"
[0m10:52:21.901123 [debug] [Thread-1  ]: On model.test1.my_second_dbt_model: COMMIT
[0m10:52:21.901852 [debug] [Thread-1  ]: SQL status: COMMIT in 0.0 seconds
[0m10:52:21.903345 [debug] [Thread-1  ]: Using postgres connection "model.test1.my_second_dbt_model"
[0m10:52:21.903470 [debug] [Thread-1  ]: On model.test1.my_second_dbt_model: /* {"app": "dbt", "dbt_version": "1.2.6", "profile_name": "test1", "target_name": "dev", "node_id": "model.test1.my_second_dbt_model"} */
drop view if exists "testdb"."public"."my_second_dbt_model__dbt_backup" cascade
[0m10:52:21.904065 [debug] [Thread-1  ]: SQL status: DROP VIEW in 0.0 seconds
[0m10:52:21.905000 [debug] [Thread-1  ]: finished collecting timing info
[0m10:52:21.905169 [debug] [Thread-1  ]: On model.test1.my_second_dbt_model: Close
[0m10:52:21.905541 [debug] [Thread-1  ]: Sending event: {'category': 'dbt', 'action': 'run_model', 'label': '480f9874-4951-4d79-9130-f8107ced3654', 'context': [<snowplow_tracker.self_describing_json.SelfDescribingJson object at 0x7f3a493d4760>]}
[0m10:52:21.905837 [info ] [Thread-1  ]: 2 of 2 OK created view model public.my_second_dbt_model ........................ [[32mCREATE VIEW[0m in 0.04s]
[0m10:52:21.906193 [debug] [Thread-1  ]: Finished running node model.test1.my_second_dbt_model
[0m10:52:21.907260 [debug] [MainThread]: Acquiring new postgres connection "master"
[0m10:52:21.907480 [debug] [MainThread]: Using postgres connection "master"
[0m10:52:21.907611 [debug] [MainThread]: On master: BEGIN
[0m10:52:21.907721 [debug] [MainThread]: Opening a new connection, currently in state closed
[0m10:52:21.912694 [debug] [MainThread]: SQL status: BEGIN in 0.0 seconds
[0m10:52:21.912871 [debug] [MainThread]: On master: COMMIT
[0m10:52:21.912974 [debug] [MainThread]: Using postgres connection "master"
[0m10:52:21.913067 [debug] [MainThread]: On master: COMMIT
[0m10:52:21.913325 [debug] [MainThread]: SQL status: COMMIT in 0.0 seconds
[0m10:52:21.913481 [debug] [MainThread]: On master: Close
[0m10:52:21.913850 [info ] [MainThread]: 
[0m10:52:21.914218 [info ] [MainThread]: Finished running 1 table model, 1 view model in 0 hours 0 minutes and 0.22 seconds (0.22s).
[0m10:52:21.914524 [debug] [MainThread]: Connection 'master' was properly closed.
[0m10:52:21.914694 [debug] [MainThread]: Connection 'model.test1.my_second_dbt_model' was properly closed.
[0m10:52:21.919785 [info ] [MainThread]: 
[0m10:52:21.920024 [info ] [MainThread]: [32mCompleted successfully[0m
[0m10:52:21.920253 [info ] [MainThread]: 
[0m10:52:21.920438 [info ] [MainThread]: Done. PASS=2 WARN=0 ERROR=0 SKIP=0 TOTAL=2
[0m10:52:21.920707 [debug] [MainThread]: Sending event: {'category': 'dbt', 'action': 'invocation', 'label': 'end', 'context': [<snowplow_tracker.self_describing_json.SelfDescribingJson object at 0x7f3a4b4ccb50>, <snowplow_tracker.self_describing_json.SelfDescribingJson object at 0x7f3a4b4771f0>, <snowplow_tracker.self_describing_json.SelfDescribingJson object at 0x7f3a4b43d520>]}
[0m10:52:21.920968 [debug] [MainThread]: Flushing usage events
